0 info it worked if it ends with ok
1 verbose cli [ '/usr/local/bin/node', '/usr/local/bin/npm', 'publish' ]
2 info using npm@3.10.10
3 info using node@v6.9.5
4 verbose publish [ '.' ]
5 silly cache add args [ '.', null ]
6 verbose cache add spec .
7 silly cache add parsed spec Result {
7 silly cache add   raw: '.',
7 silly cache add   scope: null,
7 silly cache add   escapedName: null,
7 silly cache add   name: null,
7 silly cache add   rawSpec: '.',
7 silly cache add   spec: '/Users/daviddionise/workspace/google-react-maps',
7 silly cache add   type: 'directory' }
8 verbose addLocalDirectory /Users/daviddionise/.npm/google-react-maps/1.1.27/package.tgz not in flight; packing
9 verbose correctMkdir /Users/daviddionise/.npm correctMkdir not in flight; initializing
10 info lifecycle google-react-maps@1.1.27~prepublish: google-react-maps@1.1.27
11 verbose lifecycle google-react-maps@1.1.27~prepublish: unsafe-perm in lifecycle true
12 verbose lifecycle google-react-maps@1.1.27~prepublish: PATH: /usr/local/lib/node_modules/npm/bin/node-gyp-bin:/Users/daviddionise/workspace/google-react-maps/node_modules/.bin:/usr/local/bin:/usr/bin:/bin:/usr/sbin:/sbin:/Library/PostgreSQL/9.6/bin/:/usr/local/mysqlc/
13 verbose lifecycle google-react-maps@1.1.27~prepublish: CWD: /Users/daviddionise/workspace/google-react-maps
14 silly lifecycle google-react-maps@1.1.27~prepublish: Args: [ '-c',
14 silly lifecycle   'babel ./src --out-dir ./dist --source-maps --presets es2015,react --plugins babel-plugin-add-module-exports' ]
15 silly lifecycle google-react-maps@1.1.27~prepublish: Returned: code: 0  signal: null
16 verbose tar pack [ '/Users/daviddionise/.npm/google-react-maps/1.1.27/package.tgz',
16 verbose tar pack   '/Users/daviddionise/workspace/google-react-maps' ]
17 verbose tarball /Users/daviddionise/.npm/google-react-maps/1.1.27/package.tgz
18 verbose folder /Users/daviddionise/workspace/google-react-maps
19 verbose addLocalTarball adding from inside cache /Users/daviddionise/.npm/google-react-maps/1.1.27/package.tgz
20 verbose correctMkdir /Users/daviddionise/.npm correctMkdir not in flight; initializing
21 silly cache afterAdd google-react-maps@1.1.27
22 verbose afterAdd /Users/daviddionise/.npm/google-react-maps/1.1.27/package/package.json not in flight; writing
23 verbose correctMkdir /Users/daviddionise/.npm correctMkdir not in flight; initializing
24 verbose afterAdd /Users/daviddionise/.npm/google-react-maps/1.1.27/package/package.json written
25 silly publish { name: 'google-react-maps',
25 silly publish   version: '1.1.27',
25 silly publish   description: 'A more powerfully custom version of the Google Maps Javascript API built for React. Multiple Datalayer support. GEOJSON Enabled.',
25 silly publish   main: 'dist/components/index.js',
25 silly publish   scripts:
25 silly publish    { prepublish: 'babel ./src --out-dir ./dist --source-maps --presets es2015,react --plugins babel-plugin-add-module-exports',
25 silly publish      test: 'jest',
25 silly publish      'start-dev': 'open -a "Google Chrome.app" "http://localhost:8082" && node_modules/.bin/webpack-dev-server',
25 silly publish      'gen-docs': 'npm run clear-docs && jsdoc -c ./docs.config.json -t ./node_modules/ink-docstrap/template -R README.md -r ./src',
25 silly publish      'clear-docs': 'rm -r ./docs' },
25 silly publish   repository:
25 silly publish    { type: 'git',
25 silly publish      url: 'git+https://github.com/NomadGraphix/google-react-maps.git' },
25 silly publish   keywords:
25 silly publish    [ 'SearchBox',
25 silly publish      'InfoWindow',
25 silly publish      'Directions',
25 silly publish      'Circle',
25 silly publish      'Polygon',
25 silly publish      'Polyline',
25 silly publish      'Marker',
25 silly publish      'Map',
25 silly publish      'GoogleMapsMixin',
25 silly publish      'google maps',
25 silly publish      'google map',
25 silly publish      'google-maps',
25 silly publish      'google-map',
25 silly publish      'googlemaps',
25 silly publish      'googlemap',
25 silly publish      'places',
25 silly publish      'place',
25 silly publish      'maps',
25 silly publish      'map',
25 silly publish      'google',
25 silly publish      'react-component',
25 silly publish      'React',
25 silly publish      'React.js' ],
25 silly publish   author: { name: 'Austin N. Hunt' },
25 silly publish   license: 'ISC',
25 silly publish   dependencies:
25 silly publish    { 'babel-core': '^6.13.2',
25 silly publish      'babel-loader': '^6.2.4',
25 silly publish      'babel-plugin-add-module-exports': '^0.2.1',
25 silly publish      classnames: '^2.2.5',
25 silly publish      'css-loader': '^0.23.1',
25 silly publish      'google-maps-api': '^2.0.1',
25 silly publish      'marker-clusterer-plus': '^2.1.4',
25 silly publish      react: '^15.3.0',
25 silly publish      webpack: '^1.13.1',
25 silly publish      'webpack-hot-middleware': '^2.12.2' },
25 silly publish   devDependencies:
25 silly publish    { 'babel-preset-es2015': '^6.13.2',
25 silly publish      'babel-preset-react-hmre': '^1.1.1',
25 silly publish      'ink-docstrap': '^1.3.0',
25 silly publish      jsdoc: '^3.4.0',
25 silly publish      nodemon: '^1.10.0',
25 silly publish      webpack: '^1.14.0',
25 silly publish      'webpack-dev-middleware': '^1.6.1',
25 silly publish      'webpack-dev-server': '^1.16.3',
25 silly publish      'webpack-hot-middleware': '^2.12.2' },
25 silly publish   readme: '# google-react-maps\nversion 1.1.20\n\nA new approach to the google maps api using react.\n\nTo install `npm install google-react-maps`\n\nThings you can import:\n```javascript\nimport {\n  Map, \n  KmlLayer,\n  DataLayer,\n  Feature,\n  InfoWindow,\n  CustomOverlay,\n  Marker,\n  MapControl,\n  SearchBox\n} from \'google-react-maps\';\n```\n\n# Usage\n\nUsing the map is fairly simple. Most commonly you would set it up like this:\n\n```javascript\nimport React from \'react\';\n\nclass App extends React.Component {\n  render() {\n    return (\n      <Map \n        api-key=\'your api url\'\n        onMount={(map, maps) => {\n          this.map = map; //Store the google map instance for custom actions. (Outside the react components.)\n          this.maps = maps; //Store a reference to the google maps javascript api in case we need some of it\'s helper methods.\n        }}\n        optionsConstructor={function(maps) {\n          //Options Constructor always has a this context of the options object. To override the default options do the following:\n          Object.assign(this, {\n            zoom : 4,\n            mapTypeId : maps.MapTypeId.ROADMAP,\n            disableDefaultUI: true,\n            zoomControl : true,\n            zoomControlOptions : {\n                position: maps.ControlPosition.LEFT_CENTER\n            },\n            keyboardShortcuts : true,\n            panControl: true,\n            panControlOptions : {\n                position : maps.ControlPosition.BOTTOM_RIGHT\n            },\n            mapTypeId : maps.MapTypeId.HYBRID,\n            mapTypeControl : true,\n            mapTypeControlOptions : {\n                position: maps.ControlPosition.LEFT_BOTTOM\n            },\n            fullscreenControlOptions : {\n                position: maps.ControlPosition.RIGHT_BOTTOM\n            },\n            fullscreenControl: true\n          });\n        }}\n        >\n        //Any components passed as children get the maps and map props passed to them.\n      </Map>\n    )\n  }\n}\n\n```\n\nSee main.js inside the git project to understand how to implement everything. (Uncomment some components to see everything)\n\nTo run the dev mode... `webpack-dev-server` after doing a `npm install`\n\n[Documentation](https://nomadgraphix.github.io/google-react-maps)\n\n##General Goals\n\nSo, the general goals for this project would be to see:\n\n- A truly component driven google maps api integration into react in which each component is a black-box (or not completely library interdependent). In theory, a component could be just as easily added to a "non-react or partial-react" implementation of Google maps. \n- A useful mapping of react components that reflects the powerfully layered nature of the google maps api. ([See layers](https://developers.google.com/maps/documentation/javascript/layers))\n- A specifically engineered DataLayer component that maps to and edits any GeoJSON object in the react way. (state + action => new state) The DataLayer is a key for this project because we want specific control over minute pieces of a GeoJSON object. \n\n## Contributing Rules\n\n- You are welcome to contribute!\n- I will approve all changes that fit within the vision for this project. Make sure that you do not try to add specific-to-you changes that don\'t help enhance the general project. \n- I will handle versioning and npm. We use [Semver](https://docs.npmjs.com/getting-started/semantic-versioning)\n\n## To-dos\n\nBelow are the list of things we need to get done. They don\'t necessarily need to happen in order.\n\n### Implementation\n\nFor v2.0.0:\n\n - Add ability for icons to change size depending on map zoom-level. (For instance when zoomed way out, I would like the icon to be slightly bigger than when zoomed all the way in.) [See this section of the google docs](https://developers.google.com/maps/documentation/javascript/markers#complex_icons)\n - Add all possible GeoJSON shapes to the DataLayer component. (Polygon is the only implemented one right now.)\n - Create all Shape components. [See Shapes](https://developers.google.com/maps/documentation/javascript/shapes)\n - Add a CustomOverlay class/component that allows us to do things similar to InfoWindows but with completely custom styles. [See Custom Overlays](https://developers.google.com/maps/documentation/javascript/customoverlays) <---- Started this. First iteration done!\n\n\n### Documentation\n\n - Finish documenting exisiting features.\n - Create a wiki for documenting here on github.\n - Create example files and folders.\n - Create testing environment and test components using mochajs or some other good framework. (My bad for not starting this as test driven.)\n',
25 silly publish   readmeFilename: 'README.md',
25 silly publish   gitHead: '1e7f91636bcea508c40c4242e15319366460b113',
25 silly publish   bugs: { url: 'https://github.com/NomadGraphix/google-react-maps/issues' },
25 silly publish   homepage: 'https://github.com/NomadGraphix/google-react-maps#readme',
25 silly publish   _id: 'google-react-maps@1.1.27',
25 silly publish   _shasum: '5866a2db363ee222e7910aba5880ca9a5c583fa5',
25 silly publish   _from: '.' }
26 verbose getPublishConfig undefined
27 silly mapToRegistry name google-react-maps
28 silly mapToRegistry using default registry
29 silly mapToRegistry registry https://registry.npmjs.org/
30 silly mapToRegistry data Result {
30 silly mapToRegistry   raw: 'google-react-maps',
30 silly mapToRegistry   scope: null,
30 silly mapToRegistry   escapedName: 'google-react-maps',
30 silly mapToRegistry   name: 'google-react-maps',
30 silly mapToRegistry   rawSpec: '',
30 silly mapToRegistry   spec: 'latest',
30 silly mapToRegistry   type: 'tag' }
31 silly mapToRegistry uri https://registry.npmjs.org/google-react-maps
32 verbose publish registryBase https://registry.npmjs.org/
33 silly publish uploading /Users/daviddionise/.npm/google-react-maps/1.1.27/package.tgz
34 verbose stack Error: auth required for publishing
34 verbose stack     at CachingRegistryClient.publish (/usr/local/lib/node_modules/npm/node_modules/npm-registry-client/lib/publish.js:30:14)
34 verbose stack     at /usr/local/lib/node_modules/npm/lib/publish.js:138:14
34 verbose stack     at mapToRegistry (/usr/local/lib/node_modules/npm/lib/utils/map-to-registry.js:62:3)
34 verbose stack     at publish_ (/usr/local/lib/node_modules/npm/lib/publish.js:107:3)
34 verbose stack     at Array.<anonymous> (/usr/local/lib/node_modules/npm/node_modules/slide/lib/bind-actor.js:15:8)
34 verbose stack     at LOOP (/usr/local/lib/node_modules/npm/node_modules/slide/lib/chain.js:15:14)
34 verbose stack     at LOOP (/usr/local/lib/node_modules/npm/node_modules/slide/lib/chain.js:14:28)
34 verbose stack     at chain (/usr/local/lib/node_modules/npm/node_modules/slide/lib/chain.js:20:5)
34 verbose stack     at /usr/local/lib/node_modules/npm/lib/publish.js:73:5
34 verbose stack     at RES (/usr/local/lib/node_modules/npm/node_modules/inflight/inflight.js:23:14)
35 verbose cwd /Users/daviddionise/workspace/google-react-maps
36 error Darwin 15.6.0
37 error argv "/usr/local/bin/node" "/usr/local/bin/npm" "publish"
38 error node v6.9.5
39 error npm  v3.10.10
40 error code ENEEDAUTH
41 error need auth auth required for publishing
42 error need auth You need to authorize this machine using `npm adduser`
43 verbose exit [ 1, true ]
